#
# A fatal error has been detected by the Java Runtime Environment:
#
#  Internal Error (classFileParser.cpp:3494), pid=7820, tid=5788
#  Error: ShouldNotReachHere()
#
# JRE version: 6.0_30-b12
# Java VM: Java HotSpot(TM) 64-Bit Server VM (20.5-b03 mixed mode windows-amd64 compressed oops)
# If you would like to submit a bug report, please visit:
#   http://java.sun.com/webapps/bugreport/crash.jsp
#

---------------  T H R E A D  ---------------

Current thread (0x00000000004cc800):  JavaThread "Unknown thread" [_thread_in_vm, id=5788, stack(0x0000000002620000,0x0000000002720000)]

Stack: [0x0000000002620000,0x0000000002720000]
[error occurred during error reporting (printing stack bounds), id 0xc0000005]


---------------  P R O C E S S  ---------------

Java Threads: ( => current thread )

Other Threads:

=>0x00000000004cc800 (exited) JavaThread "Unknown thread" [_thread_in_vm, id=5788, stack(0x0000000002620000,0x0000000002720000)]

VM state:not at safepoint (not fully initialized)

VM Mutex/Monitor currently owned by a thread: None

Dynamic libraries:
0x0000000000400000 - 0x000000000042f000 	C:\Program Files\Java\jre6\bin\javaw.exe
0x0000000076e30000 - 0x0000000076fd9000 	C:\Windows\SYSTEM32\ntdll.dll
0x0000000076d10000 - 0x0000000076e2f000 	C:\Windows\system32\kernel32.dll
0x000007fefd380000 - 0x000007fefd3eb000 	C:\Windows\system32\KERNELBASE.dll
0x000007fefd800000 - 0x000007fefd8db000 	C:\Windows\system32\ADVAPI32.dll
0x000007fefe170000 - 0x000007fefe20f000 	C:\Windows\system32\msvcrt.dll
0x000007fefdf40000 - 0x000007fefdf5f000 	C:\Windows\SYSTEM32\sechost.dll
0x000007fefd8e0000 - 0x000007fefda0d000 	C:\Windows\system32\RPCRT4.dll
0x00000000768b0000 - 0x00000000769aa000 	C:\Windows\system32\USER32.dll
0x000007fefdd40000 - 0x000007fefdda7000 	C:\Windows\system32\GDI32.dll
0x000007fefd7f0000 - 0x000007fefd7fe000 	C:\Windows\system32\LPK.dll
0x000007fefdbf0000 - 0x000007fefdcb9000 	C:\Windows\system32\USP10.dll
0x000007fefd160000 - 0x000007fefd1b7000 	C:\Windows\system32\apphelp.dll
0x000007feeaab0000 - 0x000007feeab01000 	C:\Windows\AppPatch\AppPatch64\AcGenral.DLL
0x000007fefd130000 - 0x000007fefd155000 	C:\Windows\system32\SspiCli.dll
0x000007fefdec0000 - 0x000007fefdf31000 	C:\Windows\system32\SHLWAPI.dll
0x000007fefdf60000 - 0x000007fefe163000 	C:\Windows\system32\ole32.dll
0x000007fefe350000 - 0x000007feff0d8000 	C:\Windows\system32\SHELL32.dll
0x000000006cb00000 - 0x000000006cb03000 	C:\Windows\system32\sfc.dll
0x000007fef65d0000 - 0x000007fef65e0000 	C:\Windows\system32\sfc_os.DLL
0x000007fefc590000 - 0x000007fefc5ae000 	C:\Windows\system32\USERENV.dll
0x000007fefd290000 - 0x000007fefd29f000 	C:\Windows\system32\profapi.dll
0x000007fefb6b0000 - 0x000007fefb6c8000 	C:\Windows\system32\dwmapi.dll
0x000007fef4c70000 - 0x000007fef4c88000 	C:\Windows\system32\MPR.dll
0x000007fefe320000 - 0x000007fefe34e000 	C:\Windows\system32\IMM32.DLL
0x000007fefe210000 - 0x000007fefe319000 	C:\Windows\system32\MSCTF.dll
0x000000006d800000 - 0x000000006dfb8000 	C:\Program Files\Java\jre6\bin\server\jvm.dll
0x000007fefb220000 - 0x000007fefb25b000 	C:\Windows\system32\WINMM.dll
0x000000006d770000 - 0x000000006d77e000 	C:\Program Files\Java\jre6\bin\verify.dll
0x000000006d3b0000 - 0x000000006d3d7000 	C:\Program Files\Java\jre6\bin\java.dll
0x000000006d7c0000 - 0x000000006d7d2000 	C:\Program Files\Java\jre6\bin\zip.dll
0x0000000077000000 - 0x0000000077007000 	C:\Windows\system32\PSAPI.DLL

VM Arguments:
jvm_args: -Dfile.encoding=Cp1252 -Xbootclasspath:C:\Program Files (x86)\Android\android-sdk\platforms\android-17\android.jar 
java_command: be.kuleuven.noiseapp.tools.UrlSigner
Launcher Type: SUN_STANDARD

Environment Variables:
JAVA_HOME=C:\Program Files\Java\jdk1.6.0_22\
CLASSPATH=.;C:\Program Files (x86)\Belgium Identity Card;C:\Program Files (x86)\Java\jre6\lib\ext\QTJava.zip
PATH=C:\Ruby193\bin;C:\Program Files (x86)\AMD APP\bin\x86_64;C:\Program Files (x86)\AMD APP\bin\x86;C:\Program Files\Common Files\Microsoft Shared\Windows Live;C:\Program Files (x86)\Common Files\Microsoft Shared\Windows Live;C:\Windows\System32\;C:\Program Files (x86)\Windows Live\Shared;C:\Program Files\SlikSvn\bin\;C:\Program Files\Java\jdk1.6.0_22\bin\;C:\Program Files (x86)\Java\jdk1.6.0_22\bin\;C:\MinGW\bin;C:\Program Files (x86)\GnuWin32\bin;C:\Users\Phille\Documents\My Dropbox\Master 1e fase\Semester 1\OVS Ontwikkeling van Veilige Software\Practicum\software;C:\Program Files\NuSMV\2.5.4\bin;C:\Program Files\TortoiseSVN\bin;C:\Program Files (x86)\ATI Technologies\ATI.ACE\Core-Static;C:\Program Files (x86)\Belgium Identity Card;C:\Program Files (x86)\QuickTime\QTSystem\;C:\apache-maven-3.0.4\bin;C:\Program Files\MiKTeX 2.9\miktex\bin\x64\;C:\Program Files (x86)\scala\\bin;C:\Program Files (x86)\SAS\SharedFiles\Formats;C:\Program Files (x86)\SDCC\bin;C:\Program Files (x86)\gputils\bin
USERNAME=Phille
OS=Windows_NT
PROCESSOR_IDENTIFIER=Intel64 Family 6 Model 30 Stepping 5, GenuineIntel



---------------  S Y S T E M  ---------------

OS: Windows 7 , 64 bit Build 7601 Service Pack 1

CPU:total 8 (4 cores per cpu, 2 threads per core) family 6 model 30 stepping 5, cmov, cx8, fxsr, mmx, sse, sse2, sse3, ssse3, sse4.1, sse4.2, popcnt, ht

Memory: 4k page, physical 4182540k(1463808k free), swap 8363224k(4003944k free)

vm_info: Java HotSpot(TM) 64-Bit Server VM (20.5-b03) for windows-amd64 JRE (1.6.0_30-b12), built on Nov 10 2011 01:49:46 by "java_re" with MS VC++ 8.0 (VS2005)

time: Wed Mar 20 11:39:12 2013
elapsed time: 0 seconds

